natisoftNavigazione/app/build/intermediates/manifest_merge_blame_file/release/manifest-merger-blame-release-report.txt
1<?xml version="1.0" encoding="utf-8"?>
2<manifest xmlns:android="http://schemas.android.com/apk/res/android"
3    package="com.natisoftnavigazione"
4    android:versionCode="151"
5    android:versionName="8.4.8" >
6
7    <uses-sdk
8        android:minSdkVersion="23"
8-->src\main\AndroidManifest.xml
9        android:targetSdkVersion="30" />
9-->src\main\AndroidManifest.xml
10
11    <queries>
11-->src\main\AndroidManifest.xml:6:5-10:15
12        <intent>
12-->src\main\AndroidManifest.xml:7:9-9:18
13            <action android:name="android.media.action.IMAGE_CAPTURE" />
13-->src\main\AndroidManifest.xml:8:13-73
13-->src\main\AndroidManifest.xml:8:21-70
14        </intent>
15    </queries>
16
17    <uses-permission android:name="android.permission.READ_PHONE_STATE" />
17-->src\main\AndroidManifest.xml:12:5-75
17-->src\main\AndroidManifest.xml:12:22-72
18    <uses-permission android:name="android.permission.CAMERA" />
18-->src\main\AndroidManifest.xml:13:5-65
18-->src\main\AndroidManifest.xml:13:22-62
19    <uses-permission android:name="android.permission.INTERNET" />
19-->src\main\AndroidManifest.xml:14:5-67
19-->src\main\AndroidManifest.xml:14:22-64
20    <uses-permission android:name="android.permission.ACCESS_NETWORK_STATE" />
20-->src\main\AndroidManifest.xml:15:5-79
20-->src\main\AndroidManifest.xml:15:22-76
21    <uses-permission android:name="android.permission.ACCESS_GPS" />
21-->src\main\AndroidManifest.xml:16:5-69
21-->src\main\AndroidManifest.xml:16:22-66
22    <uses-permission android:name="android.permission.ACCESS_ASSISTED_GPS" />
22-->src\main\AndroidManifest.xml:17:5-78
22-->src\main\AndroidManifest.xml:17:22-75
23    <uses-permission android:name="android.permission.ACCESS_LOCATION" />
23-->src\main\AndroidManifest.xml:18:5-74
23-->src\main\AndroidManifest.xml:18:22-71
24    <uses-permission android:name="android.permission.ACCESS_COARSE_LOCATION" />
24-->src\main\AndroidManifest.xml:19:5-81
24-->src\main\AndroidManifest.xml:19:22-78
25    <uses-permission android:name="android.permission.ACCESS_FINE_LOCATION" />
25-->src\main\AndroidManifest.xml:20:5-79
25-->src\main\AndroidManifest.xml:20:22-76
26    <uses-permission android:name="android.permission.READ_EXTERNAL_STORAGE" />
26-->src\main\AndroidManifest.xml:21:5-80
26-->src\main\AndroidManifest.xml:21:22-77
27    <uses-permission android:name="android.permission.WRITE_EXTERNAL_STORAGE" />
27-->src\main\AndroidManifest.xml:22:5-81
27-->src\main\AndroidManifest.xml:22:22-78
28    <uses-permission android:name="android.permission.READ_INTERNAL_STORAGE" />
28-->src\main\AndroidManifest.xml:23:5-80
28-->src\main\AndroidManifest.xml:23:22-77
29    <uses-permission android:name="android.permission.WRITE_INTERNAL_STORAGE" />
29-->src\main\AndroidManifest.xml:24:5-81
29-->src\main\AndroidManifest.xml:24:22-78
30    <uses-permission android:name="android.permission.NFC" />
30-->src\main\AndroidManifest.xml:25:5-62
30-->src\main\AndroidManifest.xml:25:22-59
31    <uses-permission android:name="android.permission.NFC_TRANSACTION_EVENT" />
31-->src\main\AndroidManifest.xml:26:5-80
31-->src\main\AndroidManifest.xml:26:22-77
32    <uses-permission android:name="android.permission.RECEIVE_BOOT_COMPLETED" />
32-->src\main\AndroidManifest.xml:27:5-81
32-->src\main\AndroidManifest.xml:27:22-78
33    <uses-permission android:name="android.permission.WAKE_LOCK" />
33-->src\main\AndroidManifest.xml:28:5-68
33-->src\main\AndroidManifest.xml:28:22-65
34    <uses-permission android:name="android.permission.ACCESS_DOWNLOAD_MANAGER" />
34-->src\main\AndroidManifest.xml:29:5-82
34-->src\main\AndroidManifest.xml:29:22-79
35    <uses-permission android:name="com.natisoftnavigazione.permission.C2D_MESSAGE" />
35-->src\main\AndroidManifest.xml:30:5-86
35-->src\main\AndroidManifest.xml:30:22-83
36    <uses-permission android:name="android.permission.FOREGROUND_SERVICE" />
36-->src\main\AndroidManifest.xml:31:5-77
36-->src\main\AndroidManifest.xml:31:22-74
37    <uses-permission android:name="android.permission.MICROPHONE" />
37-->src\main\AndroidManifest.xml:33:5-69
37-->src\main\AndroidManifest.xml:33:22-66
38    <uses-permission android:name="android.permission.RECORD_AUDIO" />
38-->src\main\AndroidManifest.xml:34:5-71
38-->src\main\AndroidManifest.xml:34:22-68
39    <uses-permission android:name="android.permission.MODIFY_AUDIO_SETTINGS" />
39-->src\main\AndroidManifest.xml:35:5-80
39-->src\main\AndroidManifest.xml:35:22-77
40
41    <permission
41-->src\main\AndroidManifest.xml:37:5-39:47
42        android:name="com.natisoftnavigazione.permission.C2D_MESSAGE"
42-->src\main\AndroidManifest.xml:38:9-70
43        android:protectionLevel="signature" />
43-->src\main\AndroidManifest.xml:39:9-44
44
45    <uses-feature
45-->src\main\AndroidManifest.xml:41:5-43:36
46        android:name="android.hardware.camera"
46-->src\main\AndroidManifest.xml:42:9-47
47        android:required="false" />
47-->src\main\AndroidManifest.xml:43:9-33
48    <uses-feature
48-->src\main\AndroidManifest.xml:44:5-46:36
49        android:name="android.hardware.camera.flash"
49-->src\main\AndroidManifest.xml:45:9-53
50        android:required="false" />
50-->src\main\AndroidManifest.xml:46:9-33
51    <uses-feature
51-->src\main\AndroidManifest.xml:47:5-49:36
52        android:name="android.hardware.camera.autofocus"
52-->src\main\AndroidManifest.xml:48:9-57
53        android:required="false" />
53-->src\main\AndroidManifest.xml:49:9-33
54    <uses-feature
54-->src\main\AndroidManifest.xml:50:5-52:36
55        android:name="android.hardware.nfc"
55-->src\main\AndroidManifest.xml:51:9-44
56        android:required="false" />
56-->src\main\AndroidManifest.xml:52:9-33
57    <uses-feature
57-->src\main\AndroidManifest.xml:53:5-55:36
58        android:name="android.hardware.telephony"
58-->src\main\AndroidManifest.xml:54:9-50
59        android:required="false" />
59-->src\main\AndroidManifest.xml:55:9-33
60    <uses-feature
60-->src\main\AndroidManifest.xml:56:5-58:36
61        android:name="android.hardware.audio.low_latency"
61-->src\main\AndroidManifest.xml:57:9-58
62        android:required="false" />
62-->src\main\AndroidManifest.xml:58:9-33
63    <uses-feature
63-->src\main\AndroidManifest.xml:59:5-61:36
64        android:name="android.hardware.audio.pro"
64-->src\main\AndroidManifest.xml:60:9-50
65        android:required="false" />
65-->src\main\AndroidManifest.xml:61:9-33
66    <uses-feature
66-->src\main\AndroidManifest.xml:62:5-64:36
67        android:name="android.hardware.microphone"
67-->src\main\AndroidManifest.xml:63:9-51
68        android:required="false" />
68-->src\main\AndroidManifest.xml:64:9-33
69    <uses-feature
69-->[com.journeyapps:zxing-android-embedded:3.3.0] AndroidManifest.xml:27:5-29:36
70        android:name="android.hardware.camera.front"
70-->[com.journeyapps:zxing-android-embedded:3.3.0] AndroidManifest.xml:28:9-53
71        android:required="false" />
71-->[com.journeyapps:zxing-android-embedded:3.3.0] AndroidManifest.xml:29:9-33
72    <uses-feature
72-->[com.journeyapps:zxing-android-embedded:3.3.0] AndroidManifest.xml:38:5-40:36
73        android:name="android.hardware.screen.landscape"
73-->[com.journeyapps:zxing-android-embedded:3.3.0] AndroidManifest.xml:39:9-57
74        android:required="false" />
74-->[com.journeyapps:zxing-android-embedded:3.3.0] AndroidManifest.xml:40:9-33
75    <uses-feature
75-->[com.journeyapps:zxing-android-embedded:3.3.0] AndroidManifest.xml:41:5-43:36
76        android:name="android.hardware.wifi"
76-->[com.journeyapps:zxing-android-embedded:3.3.0] AndroidManifest.xml:42:9-45
77        android:required="false" />
77-->[com.journeyapps:zxing-android-embedded:3.3.0] AndroidManifest.xml:43:9-33
78
79    <application
79-->src\main\AndroidManifest.xml:66:5-148:19
80        android:name="androidx.multidex.MultiDexApplication"
80-->src\main\AndroidManifest.xml:67:9-61
81        android:allowBackup="false"
81-->src\main\AndroidManifest.xml:68:9-36
82        android:appComponentFactory="androidx.core.app.CoreComponentFactory"
82-->[androidx.core:core:1.5.0] AndroidManifest.xml:24:18-86
83        android:extractNativeLibs="false"
84        android:icon="@drawable/ic_launcher"
84-->src\main\AndroidManifest.xml:69:9-45
85        android:label="@string/app_name"
85-->src\main\AndroidManifest.xml:70:9-41
86        android:requestLegacyExternalStorage="true"
86-->src\main\AndroidManifest.xml:71:9-52
87        android:theme="@style/AppTheme"
87-->src\main\AndroidManifest.xml:72:9-40
88        android:windowSoftInputMode="adjustResize" >
88-->src\main\AndroidManifest.xml:73:9-51
89        <activity
89-->src\main\AndroidManifest.xml:74:9-76:39
90            android:name="com.rfid.Rfid"
90-->src\main\AndroidManifest.xml:75:13-41
91            android:exported="true" />
91-->src\main\AndroidManifest.xml:76:13-36
92        <activity
92-->src\main\AndroidManifest.xml:77:9-112:20
93            android:name="com.natisoftnavigazione.MainActivity"
93-->src\main\AndroidManifest.xml:78:13-41
94            android:label="@string/app_name"
94-->src\main\AndroidManifest.xml:79:13-45
95            android:launchMode="singleTask" >
95-->src\main\AndroidManifest.xml:80:13-44
96            <intent-filter>
96-->src\main\AndroidManifest.xml:81:13-87:29
97                <action android:name="android.intent.action.GET_CONTENT" />
97-->src\main\AndroidManifest.xml:82:17-76
97-->src\main\AndroidManifest.xml:82:25-73
98
99                <category android:name="android.intent.category.CATEGORY_OPENABLE" />
99-->src\main\AndroidManifest.xml:84:17-86
99-->src\main\AndroidManifest.xml:84:27-83
100
101                <data android:mimeType="image/*" />
101-->src\main\AndroidManifest.xml:86:17-52
101-->src\main\AndroidManifest.xml:86:23-49
102            </intent-filter>
103            <intent-filter>
103-->src\main\AndroidManifest.xml:89:13-94:29
104                <action android:name="android.nfc.action.TECH_DISCOVERED" />
104-->src\main\AndroidManifest.xml:90:17-77
104-->src\main\AndroidManifest.xml:90:25-74
105                <action android:name="android.nfc.action.TAG_DISCOVERED" />
105-->src\main\AndroidManifest.xml:91:17-76
105-->src\main\AndroidManifest.xml:91:25-73
106
107                <category android:name="android.intent.category.DEFAULT" />
107-->src\main\AndroidManifest.xml:93:17-76
107-->src\main\AndroidManifest.xml:93:27-73
108            </intent-filter>
109
110            <meta-data
110-->src\main\AndroidManifest.xml:96:13-98:59
111                android:name="android.nfc.action.TECH_DISCOVERED"
111-->src\main\AndroidManifest.xml:97:17-66
112                android:resource="@xml/nfc_tech_filter" />
112-->src\main\AndroidManifest.xml:98:17-56
113
114            <intent-filter>
114-->src\main\AndroidManifest.xml:100:13-105:29
115                <action android:name="android.intent.action.MAIN" />
115-->src\main\AndroidManifest.xml:101:17-69
115-->src\main\AndroidManifest.xml:101:25-66
116
117                <category android:name="android.intent.category.LAUNCHER" />
117-->src\main\AndroidManifest.xml:103:17-77
117-->src\main\AndroidManifest.xml:103:27-74
118            </intent-filter>
119            <intent-filter>
119-->src\main\AndroidManifest.xml:107:13-111:29
120                <action android:name="android.intent.action.SEND" />
120-->src\main\AndroidManifest.xml:108:17-69
120-->src\main\AndroidManifest.xml:108:25-66
121
122                <category android:name="android.intent.category.DEFAULT" />
122-->src\main\AndroidManifest.xml:93:17-76
122-->src\main\AndroidManifest.xml:93:27-73
123
124                <data android:mimeType="text/plain" />
124-->src\main\AndroidManifest.xml:86:17-52
124-->src\main\AndroidManifest.xml:86:23-49
125            </intent-filter>
126        </activity>
127        <activity
127-->src\main\AndroidManifest.xml:113:9-115:58
128            android:name="com.natisoftnavigazione.UserSettingActivity"
128-->src\main\AndroidManifest.xml:114:13-48
129            android:windowSoftInputMode="adjustResize" />
129-->src\main\AndroidManifest.xml:115:13-55
130        <activity
130-->src\main\AndroidManifest.xml:116:9-121:67
131            android:name="com.natisoftnavigazione.AnyOrientationCaptureActivity"
131-->src\main\AndroidManifest.xml:117:13-58
132            android:screenOrientation="fullSensor"
132-->src\main\AndroidManifest.xml:118:13-51
133            android:stateNotNeeded="true"
133-->src\main\AndroidManifest.xml:119:13-42
134            android:theme="@style/zxing_CaptureTheme"
134-->src\main\AndroidManifest.xml:120:13-54
135            android:windowSoftInputMode="adjustResize" />
135-->src\main\AndroidManifest.xml:121:13-55
136
137        <provider
138            android:name="androidx.core.content.FileProvider"
138-->src\main\AndroidManifest.xml:124:13-62
139            android:authorities="com.natisoftnavigazione.fileProvider"
139-->src\main\AndroidManifest.xml:125:13-64
140            android:exported="false"
140-->src\main\AndroidManifest.xml:126:13-37
141            android:grantUriPermissions="true" >
141-->src\main\AndroidManifest.xml:127:13-47
142            <meta-data
142-->src\main\AndroidManifest.xml:128:13-130:58
143                android:name="android.support.FILE_PROVIDER_PATHS"
143-->src\main\AndroidManifest.xml:129:17-67
144                android:resource="@xml/provider_paths" />
144-->src\main\AndroidManifest.xml:130:17-55
145        </provider>
146
147        <!-- Autostart -->
148        <receiver android:name="com.autostart.autostart" >
148-->src\main\AndroidManifest.xml:134:9-141:20
148-->src\main\AndroidManifest.xml:134:19-57
149            <intent-filter>
149-->src\main\AndroidManifest.xml:135:13-140:29
150                <action android:name="android.intent.action.BOOT_COMPLETED" />
150-->src\main\AndroidManifest.xml:136:17-79
150-->src\main\AndroidManifest.xml:136:25-76
151                <action android:name="android.intent.action.QUICKBOOT_POWERON" />
151-->src\main\AndroidManifest.xml:137:17-82
151-->src\main\AndroidManifest.xml:137:25-79
152                <action android:name="android.intent.action.TIMEZONE_CHANGED" />
152-->src\main\AndroidManifest.xml:138:17-81
152-->src\main\AndroidManifest.xml:138:25-78
153                <action android:name="android.intent.action.TIME_SET" />
153-->src\main\AndroidManifest.xml:139:17-73
153-->src\main\AndroidManifest.xml:139:25-70
154            </intent-filter>
155        </receiver>
156
157        <service
157-->src\main\AndroidManifest.xml:143:9-146:39
158            android:name="com.servizi.BackgroundTicketService"
158-->src\main\AndroidManifest.xml:144:13-63
159            android:enabled="true"
159-->src\main\AndroidManifest.xml:145:13-35
160            android:exported="true" />
160-->src\main\AndroidManifest.xml:146:13-36
161
162        <activity
162-->[com.journeyapps:zxing-android-embedded:3.3.0] AndroidManifest.xml:46:9-52:63
163            android:name="com.journeyapps.barcodescanner.CaptureActivity"
163-->[com.journeyapps:zxing-android-embedded:3.3.0] AndroidManifest.xml:47:13-74
164            android:clearTaskOnLaunch="true"
164-->[com.journeyapps:zxing-android-embedded:3.3.0] AndroidManifest.xml:48:13-45
165            android:screenOrientation="sensorLandscape"
165-->[com.journeyapps:zxing-android-embedded:3.3.0] AndroidManifest.xml:49:13-56
166            android:stateNotNeeded="true"
166-->[com.journeyapps:zxing-android-embedded:3.3.0] AndroidManifest.xml:50:13-42
167            android:theme="@style/zxing_CaptureTheme"
167-->[com.journeyapps:zxing-android-embedded:3.3.0] AndroidManifest.xml:51:13-54
168            android:windowSoftInputMode="stateAlwaysHidden" />
168-->[com.journeyapps:zxing-android-embedded:3.3.0] AndroidManifest.xml:52:13-60
169    </application>
170
171</manifest>